{"/Users/edmonnarmetov/WebstormProjects/local/simple-parser/src/index.ts": {"path":"/Users/edmonnarmetov/WebstormProjects/local/simple-parser/src/index.ts","all":false,"statementMap":{"0":{"start":{"line":1,"column":0},"end":{"line":1,"column":85}},"1":{"start":{"line":2,"column":0},"end":{"line":2,"column":40}},"2":{"start":{"line":3,"column":0},"end":{"line":3,"column":0}},"3":{"start":{"line":4,"column":0},"end":{"line":4,"column":32}},"4":{"start":{"line":5,"column":0},"end":{"line":5,"column":31}},"5":{"start":{"line":6,"column":0},"end":{"line":6,"column":1}},"6":{"start":{"line":7,"column":0},"end":{"line":7,"column":0}},"7":{"start":{"line":8,"column":0},"end":{"line":8,"column":46}},"8":{"start":{"line":9,"column":0},"end":{"line":9,"column":26}},"9":{"start":{"line":10,"column":0},"end":{"line":10,"column":47}},"10":{"start":{"line":11,"column":0},"end":{"line":11,"column":39}},"11":{"start":{"line":12,"column":0},"end":{"line":12,"column":0}},"12":{"start":{"line":13,"column":0},"end":{"line":13,"column":19}},"13":{"start":{"line":14,"column":0},"end":{"line":14,"column":42}},"14":{"start":{"line":15,"column":0},"end":{"line":15,"column":5}},"15":{"start":{"line":16,"column":0},"end":{"line":16,"column":0}},"16":{"start":{"line":17,"column":0},"end":{"line":17,"column":44}},"17":{"start":{"line":18,"column":0},"end":{"line":18,"column":41}},"18":{"start":{"line":19,"column":0},"end":{"line":19,"column":0}},"19":{"start":{"line":20,"column":0},"end":{"line":20,"column":16}},"20":{"start":{"line":21,"column":0},"end":{"line":21,"column":34}},"21":{"start":{"line":22,"column":0},"end":{"line":22,"column":55}},"22":{"start":{"line":23,"column":0},"end":{"line":23,"column":10}},"23":{"start":{"line":24,"column":0},"end":{"line":24,"column":5}},"24":{"start":{"line":25,"column":0},"end":{"line":25,"column":0}},"25":{"start":{"line":26,"column":0},"end":{"line":26,"column":46}},"26":{"start":{"line":27,"column":0},"end":{"line":27,"column":41}},"27":{"start":{"line":28,"column":0},"end":{"line":28,"column":0}},"28":{"start":{"line":29,"column":0},"end":{"line":29,"column":16}},"29":{"start":{"line":30,"column":0},"end":{"line":30,"column":35}},"30":{"start":{"line":31,"column":0},"end":{"line":31,"column":39}},"31":{"start":{"line":32,"column":0},"end":{"line":32,"column":10}},"32":{"start":{"line":33,"column":0},"end":{"line":33,"column":5}},"33":{"start":{"line":34,"column":0},"end":{"line":34,"column":0}},"34":{"start":{"line":35,"column":0},"end":{"line":35,"column":23}},"35":{"start":{"line":36,"column":0},"end":{"line":36,"column":40}},"36":{"start":{"line":37,"column":0},"end":{"line":37,"column":26}},"37":{"start":{"line":38,"column":0},"end":{"line":38,"column":45}},"38":{"start":{"line":39,"column":0},"end":{"line":39,"column":26}},"39":{"start":{"line":40,"column":0},"end":{"line":40,"column":44}},"40":{"start":{"line":41,"column":0},"end":{"line":41,"column":20}},"41":{"start":{"line":42,"column":0},"end":{"line":42,"column":59}},"42":{"start":{"line":43,"column":0},"end":{"line":43,"column":9}},"43":{"start":{"line":44,"column":0},"end":{"line":44,"column":5}},"44":{"start":{"line":45,"column":0},"end":{"line":45,"column":0}},"45":{"start":{"line":46,"column":0},"end":{"line":46,"column":23}},"46":{"start":{"line":47,"column":0},"end":{"line":47,"column":16}},"47":{"start":{"line":48,"column":0},"end":{"line":48,"column":28}},"48":{"start":{"line":49,"column":0},"end":{"line":49,"column":33}},"49":{"start":{"line":50,"column":0},"end":{"line":50,"column":19}},"50":{"start":{"line":51,"column":0},"end":{"line":51,"column":5}},"51":{"start":{"line":52,"column":0},"end":{"line":52,"column":0}},"52":{"start":{"line":53,"column":0},"end":{"line":53,"column":43}},"53":{"start":{"line":54,"column":0},"end":{"line":54,"column":38}},"54":{"start":{"line":55,"column":0},"end":{"line":55,"column":0}},"55":{"start":{"line":56,"column":0},"end":{"line":56,"column":29}},"56":{"start":{"line":57,"column":0},"end":{"line":57,"column":79}},"57":{"start":{"line":58,"column":0},"end":{"line":58,"column":9}},"58":{"start":{"line":59,"column":0},"end":{"line":59,"column":0}},"59":{"start":{"line":60,"column":0},"end":{"line":60,"column":39}},"60":{"start":{"line":61,"column":0},"end":{"line":61,"column":87}},"61":{"start":{"line":62,"column":0},"end":{"line":62,"column":9}},"62":{"start":{"line":63,"column":0},"end":{"line":63,"column":0}},"63":{"start":{"line":64,"column":0},"end":{"line":64,"column":57}},"64":{"start":{"line":65,"column":0},"end":{"line":65,"column":0}},"65":{"start":{"line":66,"column":0},"end":{"line":66,"column":21}},"66":{"start":{"line":67,"column":0},"end":{"line":67,"column":5}},"67":{"start":{"line":68,"column":0},"end":{"line":68,"column":0}},"68":{"start":{"line":69,"column":0},"end":{"line":69,"column":34}},"69":{"start":{"line":70,"column":0},"end":{"line":70,"column":39}},"70":{"start":{"line":71,"column":0},"end":{"line":71,"column":37}},"71":{"start":{"line":72,"column":0},"end":{"line":72,"column":0}},"72":{"start":{"line":73,"column":0},"end":{"line":73,"column":57}},"73":{"start":{"line":74,"column":0},"end":{"line":74,"column":0}},"74":{"start":{"line":75,"column":0},"end":{"line":75,"column":30}},"75":{"start":{"line":76,"column":0},"end":{"line":76,"column":5}},"76":{"start":{"line":77,"column":0},"end":{"line":77,"column":1}}},"s":{"0":1,"1":1,"2":1,"3":1,"4":1,"5":1,"6":1,"7":1,"8":1,"9":1,"10":3,"11":1,"12":1,"13":3,"14":3,"15":1,"16":1,"17":1,"18":1,"19":1,"20":1,"21":1,"22":1,"23":1,"24":1,"25":1,"26":1,"27":1,"28":1,"29":1,"30":1,"31":1,"32":1,"33":1,"34":1,"35":3,"36":3,"37":1,"38":3,"39":1,"40":3,"41":1,"42":3,"43":3,"44":1,"45":1,"46":3,"47":3,"48":3,"49":3,"50":3,"51":1,"52":1,"53":2,"54":2,"55":2,"56":0,"57":0,"58":2,"59":2,"60":0,"61":0,"62":2,"63":2,"64":2,"65":2,"66":2,"67":1,"68":1,"69":3,"70":3,"71":3,"72":3,"73":3,"74":3,"75":3,"76":1},"branchMap":{"0":{"type":"branch","line":10,"loc":{"start":{"line":10,"column":4},"end":{"line":11,"column":39}},"locations":[{"start":{"line":10,"column":4},"end":{"line":11,"column":39}}]},"1":{"type":"branch","line":13,"loc":{"start":{"line":13,"column":4},"end":{"line":15,"column":5}},"locations":[{"start":{"line":13,"column":4},"end":{"line":15,"column":5}}]},"2":{"type":"branch","line":17,"loc":{"start":{"line":17,"column":12},"end":{"line":24,"column":5}},"locations":[{"start":{"line":17,"column":12},"end":{"line":24,"column":5}}]},"3":{"type":"branch","line":26,"loc":{"start":{"line":26,"column":12},"end":{"line":33,"column":5}},"locations":[{"start":{"line":26,"column":12},"end":{"line":33,"column":5}}]},"4":{"type":"branch","line":35,"loc":{"start":{"line":35,"column":12},"end":{"line":44,"column":5}},"locations":[{"start":{"line":35,"column":12},"end":{"line":44,"column":5}}]},"5":{"type":"branch","line":37,"loc":{"start":{"line":37,"column":12},"end":{"line":38,"column":45}},"locations":[{"start":{"line":37,"column":12},"end":{"line":38,"column":45}}]},"6":{"type":"branch","line":39,"loc":{"start":{"line":39,"column":12},"end":{"line":40,"column":44}},"locations":[{"start":{"line":39,"column":12},"end":{"line":40,"column":44}}]},"7":{"type":"branch","line":41,"loc":{"start":{"line":41,"column":12},"end":{"line":42,"column":59}},"locations":[{"start":{"line":41,"column":12},"end":{"line":42,"column":59}}]},"8":{"type":"branch","line":46,"loc":{"start":{"line":46,"column":12},"end":{"line":51,"column":5}},"locations":[{"start":{"line":46,"column":12},"end":{"line":51,"column":5}}]},"9":{"type":"branch","line":53,"loc":{"start":{"line":53,"column":12},"end":{"line":67,"column":5}},"locations":[{"start":{"line":53,"column":12},"end":{"line":67,"column":5}}]},"10":{"type":"branch","line":56,"loc":{"start":{"line":56,"column":28},"end":{"line":58,"column":9}},"locations":[{"start":{"line":56,"column":28},"end":{"line":58,"column":9}}]},"11":{"type":"branch","line":60,"loc":{"start":{"line":60,"column":38},"end":{"line":62,"column":9}},"locations":[{"start":{"line":60,"column":38},"end":{"line":62,"column":9}}]},"12":{"type":"branch","line":69,"loc":{"start":{"line":69,"column":11},"end":{"line":76,"column":5}},"locations":[{"start":{"line":69,"column":11},"end":{"line":76,"column":5}}]}},"b":{"0":[3],"1":[3],"2":[1],"3":[1],"4":[3],"5":[1],"6":[1],"7":[1],"8":[3],"9":[2],"10":[0],"11":[0],"12":[3]},"fnMap":{"0":{"name":"<instance_members_initializer>","decl":{"start":{"line":10,"column":4},"end":{"line":11,"column":39}},"loc":{"start":{"line":10,"column":4},"end":{"line":11,"column":39}},"line":10},"1":{"name":"Parser","decl":{"start":{"line":13,"column":4},"end":{"line":15,"column":5}},"loc":{"start":{"line":13,"column":4},"end":{"line":15,"column":5}},"line":13},"2":{"name":"StringLiteral","decl":{"start":{"line":17,"column":12},"end":{"line":24,"column":5}},"loc":{"start":{"line":17,"column":12},"end":{"line":24,"column":5}},"line":17},"3":{"name":"NumericLiteral","decl":{"start":{"line":26,"column":12},"end":{"line":33,"column":5}},"loc":{"start":{"line":26,"column":12},"end":{"line":33,"column":5}},"line":26},"4":{"name":"Literal","decl":{"start":{"line":35,"column":12},"end":{"line":44,"column":5}},"loc":{"start":{"line":35,"column":12},"end":{"line":44,"column":5}},"line":35},"5":{"name":"Program","decl":{"start":{"line":46,"column":12},"end":{"line":51,"column":5}},"loc":{"start":{"line":46,"column":12},"end":{"line":51,"column":5}},"line":46},"6":{"name":"eat","decl":{"start":{"line":53,"column":12},"end":{"line":67,"column":5}},"loc":{"start":{"line":53,"column":12},"end":{"line":67,"column":5}},"line":53},"7":{"name":"parse","decl":{"start":{"line":69,"column":11},"end":{"line":76,"column":5}},"loc":{"start":{"line":69,"column":11},"end":{"line":76,"column":5}},"line":69}},"f":{"0":3,"1":3,"2":1,"3":1,"4":3,"5":3,"6":2,"7":3}}
,"/Users/edmonnarmetov/WebstormProjects/local/simple-parser/src/tokenizer/index.ts": {"path":"/Users/edmonnarmetov/WebstormProjects/local/simple-parser/src/tokenizer/index.ts","all":false,"statementMap":{"0":{"start":{"line":1,"column":0},"end":{"line":1,"column":50}},"1":{"start":{"line":2,"column":0},"end":{"line":2,"column":0}},"2":{"start":{"line":3,"column":0},"end":{"line":3,"column":25}},"3":{"start":{"line":4,"column":0},"end":{"line":4,"column":36}},"4":{"start":{"line":5,"column":0},"end":{"line":5,"column":1}},"5":{"start":{"line":6,"column":0},"end":{"line":6,"column":0}},"6":{"start":{"line":7,"column":0},"end":{"line":7,"column":49}},"7":{"start":{"line":8,"column":0},"end":{"line":8,"column":17}},"8":{"start":{"line":9,"column":0},"end":{"line":9,"column":16}},"9":{"start":{"line":10,"column":0},"end":{"line":10,"column":0}},"10":{"start":{"line":11,"column":0},"end":{"line":11,"column":7}},"11":{"start":{"line":12,"column":0},"end":{"line":12,"column":44}},"12":{"start":{"line":13,"column":0},"end":{"line":13,"column":15}},"13":{"start":{"line":14,"column":0},"end":{"line":14,"column":7}},"14":{"start":{"line":15,"column":0},"end":{"line":15,"column":29}},"15":{"start":{"line":16,"column":0},"end":{"line":16,"column":50}},"16":{"start":{"line":17,"column":0},"end":{"line":17,"column":5}},"17":{"start":{"line":18,"column":0},"end":{"line":18,"column":0}},"18":{"start":{"line":19,"column":0},"end":{"line":19,"column":7}},"19":{"start":{"line":20,"column":0},"end":{"line":20,"column":43}},"20":{"start":{"line":21,"column":0},"end":{"line":21,"column":15}},"21":{"start":{"line":22,"column":0},"end":{"line":22,"column":7}},"22":{"start":{"line":23,"column":0},"end":{"line":23,"column":21}},"23":{"start":{"line":24,"column":0},"end":{"line":24,"column":52}},"24":{"start":{"line":25,"column":0},"end":{"line":25,"column":5}},"25":{"start":{"line":26,"column":0},"end":{"line":26,"column":0}},"26":{"start":{"line":27,"column":0},"end":{"line":27,"column":7}},"27":{"start":{"line":28,"column":0},"end":{"line":28,"column":30}},"28":{"start":{"line":29,"column":0},"end":{"line":29,"column":7}},"29":{"start":{"line":30,"column":0},"end":{"line":30,"column":33}},"30":{"start":{"line":31,"column":0},"end":{"line":31,"column":30}},"31":{"start":{"line":32,"column":0},"end":{"line":32,"column":5}},"32":{"start":{"line":33,"column":0},"end":{"line":33,"column":0}},"33":{"start":{"line":34,"column":0},"end":{"line":34,"column":7}},"34":{"start":{"line":35,"column":0},"end":{"line":35,"column":25}},"35":{"start":{"line":36,"column":0},"end":{"line":36,"column":7}},"36":{"start":{"line":37,"column":0},"end":{"line":37,"column":27}},"37":{"start":{"line":38,"column":0},"end":{"line":38,"column":36}},"38":{"start":{"line":39,"column":0},"end":{"line":39,"column":24}},"39":{"start":{"line":40,"column":0},"end":{"line":40,"column":9}},"40":{"start":{"line":41,"column":0},"end":{"line":41,"column":0}},"41":{"start":{"line":42,"column":0},"end":{"line":42,"column":56}},"42":{"start":{"line":43,"column":0},"end":{"line":43,"column":0}},"43":{"start":{"line":44,"column":0},"end":{"line":44,"column":21}},"44":{"start":{"line":45,"column":0},"end":{"line":45,"column":47}},"45":{"start":{"line":46,"column":0},"end":{"line":46,"column":27}},"46":{"start":{"line":47,"column":0},"end":{"line":47,"column":0}},"47":{"start":{"line":48,"column":0},"end":{"line":48,"column":74}},"48":{"start":{"line":49,"column":0},"end":{"line":49,"column":46}},"49":{"start":{"line":50,"column":0},"end":{"line":50,"column":31}},"50":{"start":{"line":51,"column":0},"end":{"line":51,"column":13}},"51":{"start":{"line":52,"column":0},"end":{"line":52,"column":0}},"52":{"start":{"line":53,"column":0},"end":{"line":53,"column":20}},"53":{"start":{"line":54,"column":0},"end":{"line":54,"column":31}},"54":{"start":{"line":55,"column":0},"end":{"line":55,"column":37}},"55":{"start":{"line":56,"column":0},"end":{"line":56,"column":23}},"56":{"start":{"line":57,"column":0},"end":{"line":57,"column":9}},"57":{"start":{"line":58,"column":0},"end":{"line":58,"column":0}},"58":{"start":{"line":59,"column":0},"end":{"line":59,"column":21}},"59":{"start":{"line":60,"column":0},"end":{"line":60,"column":32}},"60":{"start":{"line":61,"column":0},"end":{"line":61,"column":27}},"61":{"start":{"line":62,"column":0},"end":{"line":62,"column":56}},"62":{"start":{"line":63,"column":0},"end":{"line":63,"column":16}},"63":{"start":{"line":64,"column":0},"end":{"line":64,"column":48}},"64":{"start":{"line":65,"column":0},"end":{"line":65,"column":68}},"65":{"start":{"line":66,"column":0},"end":{"line":66,"column":0}},"66":{"start":{"line":67,"column":0},"end":{"line":67,"column":72}},"67":{"start":{"line":68,"column":0},"end":{"line":68,"column":0}},"68":{"start":{"line":69,"column":0},"end":{"line":69,"column":20}},"69":{"start":{"line":70,"column":0},"end":{"line":70,"column":31}},"70":{"start":{"line":71,"column":0},"end":{"line":71,"column":29}},"71":{"start":{"line":72,"column":0},"end":{"line":72,"column":23}},"72":{"start":{"line":73,"column":0},"end":{"line":73,"column":9}},"73":{"start":{"line":74,"column":0},"end":{"line":74,"column":0}},"74":{"start":{"line":75,"column":0},"end":{"line":75,"column":20}},"75":{"start":{"line":76,"column":0},"end":{"line":76,"column":5}},"76":{"start":{"line":77,"column":0},"end":{"line":77,"column":1}}},"s":{"0":1,"1":1,"2":1,"3":1,"4":1,"5":1,"6":1,"7":1,"8":3,"9":1,"10":1,"11":1,"12":1,"13":1,"14":1,"15":5,"16":5,"17":1,"18":1,"19":1,"20":1,"21":1,"22":1,"23":5,"24":5,"25":1,"26":1,"27":1,"28":1,"29":1,"30":3,"31":3,"32":1,"33":1,"34":1,"35":1,"36":1,"37":5,"38":3,"39":3,"40":2,"41":2,"42":2,"43":2,"44":5,"45":1,"46":1,"47":1,"48":2,"49":2,"50":2,"51":1,"52":1,"53":1,"54":1,"55":1,"56":1,"57":1,"58":1,"59":1,"60":1,"61":1,"62":1,"63":3,"64":1,"65":1,"66":1,"67":1,"68":1,"69":1,"70":1,"71":1,"72":1,"73":0,"74":0,"75":5,"76":1},"branchMap":{"0":{"type":"branch","line":8,"loc":{"start":{"line":8,"column":4},"end":{"line":9,"column":16}},"locations":[{"start":{"line":8,"column":4},"end":{"line":9,"column":16}}]},"1":{"type":"branch","line":15,"loc":{"start":{"line":15,"column":12},"end":{"line":17,"column":5}},"locations":[{"start":{"line":15,"column":12},"end":{"line":17,"column":5}}]},"2":{"type":"branch","line":23,"loc":{"start":{"line":23,"column":12},"end":{"line":25,"column":5}},"locations":[{"start":{"line":23,"column":12},"end":{"line":25,"column":5}}]},"3":{"type":"branch","line":30,"loc":{"start":{"line":30,"column":11},"end":{"line":32,"column":5}},"locations":[{"start":{"line":30,"column":11},"end":{"line":32,"column":5}}]},"4":{"type":"branch","line":37,"loc":{"start":{"line":37,"column":11},"end":{"line":76,"column":5}},"locations":[{"start":{"line":37,"column":11},"end":{"line":76,"column":5}}]},"5":{"type":"branch","line":38,"loc":{"start":{"line":38,"column":35},"end":{"line":40,"column":9}},"locations":[{"start":{"line":38,"column":35},"end":{"line":40,"column":9}}]},"6":{"type":"branch","line":40,"loc":{"start":{"line":40,"column":8},"end":{"line":45,"column":46}},"locations":[{"start":{"line":40,"column":8},"end":{"line":45,"column":46}}]},"7":{"type":"branch","line":45,"loc":{"start":{"line":45,"column":46},"end":{"line":73,"column":9}},"locations":[{"start":{"line":45,"column":46},"end":{"line":73,"column":9}}]},"8":{"type":"branch","line":48,"loc":{"start":{"line":48,"column":53},"end":{"line":48,"column":73}},"locations":[{"start":{"line":48,"column":53},"end":{"line":48,"column":73}}]},"9":{"type":"branch","line":48,"loc":{"start":{"line":48,"column":73},"end":{"line":51,"column":13}},"locations":[{"start":{"line":48,"column":73},"end":{"line":51,"column":13}}]},"10":{"type":"branch","line":63,"loc":{"start":{"line":63,"column":15},"end":{"line":65,"column":21}},"locations":[{"start":{"line":63,"column":15},"end":{"line":65,"column":21}}]},"11":{"type":"branch","line":65,"loc":{"start":{"line":65,"column":46},"end":{"line":65,"column":68}},"locations":[{"start":{"line":65,"column":46},"end":{"line":65,"column":68}}]},"12":{"type":"branch","line":73,"loc":{"start":{"line":73,"column":8},"end":{"line":75,"column":20}},"locations":[{"start":{"line":73,"column":8},"end":{"line":75,"column":20}}]}},"b":{"0":[3],"1":[5],"2":[5],"3":[3],"4":[5],"5":[3],"6":[2],"7":[1],"8":[3],"9":[2],"10":[3],"11":[2],"12":[0]},"fnMap":{"0":{"name":"<instance_members_initializer>","decl":{"start":{"line":8,"column":4},"end":{"line":9,"column":16}},"loc":{"start":{"line":8,"column":4},"end":{"line":9,"column":16}},"line":8},"1":{"name":"hasMoreTokens","decl":{"start":{"line":15,"column":12},"end":{"line":17,"column":5}},"loc":{"start":{"line":15,"column":12},"end":{"line":17,"column":5}},"line":15},"2":{"name":"isEOF","decl":{"start":{"line":23,"column":12},"end":{"line":25,"column":5}},"loc":{"start":{"line":23,"column":12},"end":{"line":25,"column":5}},"line":23},"3":{"name":"init","decl":{"start":{"line":30,"column":11},"end":{"line":32,"column":5}},"loc":{"start":{"line":30,"column":11},"end":{"line":32,"column":5}},"line":30},"4":{"name":"getNextToken","decl":{"start":{"line":37,"column":11},"end":{"line":76,"column":5}},"loc":{"start":{"line":37,"column":11},"end":{"line":76,"column":5}},"line":37}},"f":{"0":3,"1":5,"2":5,"3":3,"4":5}}
}
